[15:22:55.838][info] [#0:C:/Users/Pau/AppData/Local/nvim-data/mason/packages/lua-language-server/extension/server\main.lua:66]: Lua Lsp startup, root: 	C:/Users/Pau/AppData/Local/nvim-data/mason/packages/lua-language-server/extension/server
[15:22:55.838][info] [#0:C:/Users/Pau/AppData/Local/nvim-data/mason/packages/lua-language-server/extension/server\main.lua:67]: ROOT:	C:/Users/Pau/AppData/Local/nvim-data/mason/packages/lua-language-server/extension/server
[15:22:55.838][info] [#0:C:/Users/Pau/AppData/Local/nvim-data/mason/packages/lua-language-server/extension/server\main.lua:68]: LOGPATH:	C:/Users/Pau/AppData/Local/nvim-data/mason/packages/lua-language-server/extension/server/log
[15:22:55.838][info] [#0:C:/Users/Pau/AppData/Local/nvim-data/mason/packages/lua-language-server/extension/server\main.lua:69]: METAPATH:	C:/Users/Pau/AppData/Local/nvim-data/mason/packages/lua-language-server/extension/server/meta
[15:22:55.838][info] [#0:C:/Users/Pau/AppData/Local/nvim-data/mason/packages/lua-language-server/extension/server\main.lua:70]: VERSION:	3.6.4-dev
[15:22:55.885][info] [#0:script\service\service.lua:141]: 
========= Medical Examination Report =========
    --------------- Memory ---------------
        Total: 1.567 MB
        # 00 : 1.567 MB
        # 01 : 0.000 MB
        # 02 : 0.000 MB
        # 03 : 0.000 MB
        # 04 : 0.000 MB
    --------------- Coroutine ---------------
        Total:     0
        Running:   0
        Suspended: 0
        Normal:    0
        Dead:      0
    --------------- Cache ---------------
        Total: 1
        Dead:  0
    ---------------  RPC  ---------------
        Holdon:   0
        Waiting:  0
==============================================
[15:22:55.900][info] [#0:script\language.lua:137]: VSC language: nil
[15:22:55.900][info] [#0:script\language.lua:138]: LS  language: en-us
[15:22:55.900][info] [#0:script\workspace\workspace.lua:38]: Workspace init root: 	file:///C:/Users/Pau/AppData/Local/nvim/lua/
[15:22:55.900][info] [#0:script\workspace\workspace.lua:42]: Log path: 	C:/Users/Pau/AppData/Local/nvim-data/mason/packages/lua-language-server/extension/server/log/file_C_Users_Pau_AppData_Local_nvim_lua_.log
[15:22:55.932][info] [#0:script\workspace\workspace.lua:51]: Workspace create: 	file:///c%3A/Users/Pau/AppData/Local/nvim/lua/
[15:22:55.932][info] [#0:script\provider\provider.lua:41]: Load config from client	file:///c%3A/Users/Pau/AppData/Local/nvim/lua/
[15:22:55.932][info] [#0:script\provider\provider.lua:42]: {
  Lua = {
    telemetry = {
      enable = false
    }
  }
}
[15:22:55.932][info] [#0:script\provider\provider.lua:41]: Load config from client	file:///c%3A/Users/Pau/AppData/Local/nvim/lua/
[15:22:55.932][info] [#0:script\provider\provider.lua:42]: {
  Lua = {
    telemetry = {
      enable = false
    }
  }
}
[15:22:55.932][info] [#0:script\provider\provider.lua:41]: Load config from client	file:///c%3A/Users/Pau/AppData/Local/nvim/lua/
[15:22:55.932][info] [#0:script\provider\provider.lua:42]: {
  Lua = {
    telemetry = {
      enable = false
    }
  }
}
[15:22:55.932][info] [#0:script\provider\provider.lua:56]: Load config from client	fallback
[15:22:55.932][info] [#0:script\provider\provider.lua:57]: {
  Lua = {
    telemetry = {
      enable = false
    }
  }
}
[15:22:55.932][info] [#0:script\library.lua:209]: Init builtin library at:	file:///c%3A/Users/Pau/AppData/Local/nvim/lua/
[15:22:55.963][info] [#0:script\plugin.lua:86]: plugin path:	C:\Users\Pau\AppData\Local\nvim\lua
[15:22:55.963][warn] [#0:script\plugin.lua:101]: plugin not found:	C:\Users\Pau\AppData\Local\nvim\lua
[15:22:55.963][info] [#0:script\library.lua:209]: Init builtin library at:	nil
[15:22:56.010][info] [#0:script\provider\provider.lua:56]: Load config from client	fallback
[15:22:56.010][info] [#0:script\provider\provider.lua:57]: {
  Lua = {
    telemetry = {
      enable = false
    }
  }
}
[15:22:56.010][info] [#0:script\provider\provider.lua:56]: Load config from client	fallback
[15:22:56.010][info] [#0:script\provider\provider.lua:57]: {
  Lua = {
    telemetry = {
      enable = false
    }
  }
}
[15:22:56.119][info] [#0:script\workspace\workspace.lua:304]: Preload start:	file:///c%3A/Users/Pau/AppData/Local/nvim/lua/
[15:22:56.119][info] [#0:script\workspace\workspace.lua:310]: Scan files at:	file:///c%3A/Users/Pau/AppData/Local/nvim/lua/
[15:22:56.119][info] [#0:script\workspace\workspace.lua:304]: Preload start:	<fallback>
[15:22:56.119][info] [#0:script\workspace\workspace.lua:327]: Scan library at:	file:///c%3A/Users/Pau/AppData/Local/nvim-data/mason/packages/lua-language-server/extension/server/meta/Lua%205.4%20en-us%20utf8
[15:22:56.135][info] [#0:script\workspace\workspace.lua:327]: Scan library at:	file:///c%3A/Users/Pau/AppData/Local/nvim-data/mason/packages/lua-language-server/extension/server/meta/Lua%205.4%20en-us%20utf8
[15:22:56.338][info] [#0:script\workspace\workspace.lua:347]: Found 11 files at:	<fallback>
[15:22:56.338][info] [#0:script\workspace\loading.lua:157]: Load files from disk:	<fallback>
[15:22:56.338][info] [#0:script\workspace\workspace.lua:347]: Found 15 files at:	file:///c%3A/Users/Pau/AppData/Local/nvim/lua/
[15:22:56.338][info] [#0:script\workspace\loading.lua:157]: Load files from disk:	file:///c%3A/Users/Pau/AppData/Local/nvim/lua/
[15:22:56.385][info] [#0:script\workspace\loading.lua:169]: Loaded files takes [0.051] sec: <fallback>
[15:22:56.385][info] [#0:script\workspace\loading.lua:178]: Compile files takes [0.000] sec: <fallback>
[15:22:56.385][info] [#0:script\workspace\loading.lua:179]: Loaded finish:	<fallback>
[15:22:56.385][info] [#0:script\workspace\workspace.lua:349]: Preload finish at:	<fallback>
[15:22:56.400][warn] [#0:script\proto\proto.lua:122]: Response of [workspace/diagnostic/refresh] error [-32601]: MethodNotFound
[15:22:56.400][info] [#0:script\workspace\loading.lua:169]: Loaded files takes [0.058] sec: file:///c%3A/Users/Pau/AppData/Local/nvim/lua/
[15:22:56.400][info] [#0:script\workspace\loading.lua:178]: Compile files takes [0.000] sec: file:///c%3A/Users/Pau/AppData/Local/nvim/lua/
[15:22:56.400][info] [#0:script\workspace\loading.lua:179]: Loaded finish:	file:///c%3A/Users/Pau/AppData/Local/nvim/lua/
[15:22:56.400][info] [#0:script\workspace\workspace.lua:349]: Preload finish at:	file:///c%3A/Users/Pau/AppData/Local/nvim/lua/
[15:22:56.510][info] [#0:script\provider\diagnostic.lua:552]: Diagnostics scope [file:///c%3A/Users/Pau/AppData/Local/nvim/lua/], files count:[15]
[15:22:56.510][warn] [#0:script\proto\proto.lua:122]: Response of [workspace/diagnostic/refresh] error [-32601]: MethodNotFound
[15:22:56.557][info] [#0:script\provider\diagnostic.lua:569]: Diagnostics scope [file:///c%3A/Users/Pau/AppData/Local/nvim/lua/] finished, takes [0.052] sec.
[15:23:01.463][info] [#0:script\provider\provider.lua:170]: Server shutdown.
[15:23:01.463][warn] [#0:script\pub\report.lua:25]: Load proto error:	Disconnected!
